<?xml version="1.0" encoding="UTF-8"?>
<!-- Generated by org.testng.reporters.JUnitXMLReporter -->
<testsuite ignored="0" hostname="LTIN234835" failures="0" tests="3" name="EdgeTest" time="298.704" errors="0" timestamp="2024-02-13T16:13:29 IST">
  <testcase classname="TestCases.TC001_beCognizant" name="userVerification" time="46.165"/>
  <testcase classname="TestCases.TC001_beCognizant" name="oneCognizantFunctions" time="13.261"/>
  <testcase classname="TestCases.TC001_beCognizant" name="timeSheetNavigation" time="191.102"/>
</testsuite> <!-- EdgeTest -->
